srcscan starts
-- Analyzing VHDL file "/opt/Xilinx/Vivado/2017.1/data/vhdl/src/std/standard.vhd" into library std (VHDL-9003)
INFO: analyzing package STANDARD (VHDL-1014)
-- Analyzing VHDL file "/opt/Xilinx/Vivado/2017.1/data/vhdl/src/std/textio.vhd" into library std (VHDL-9003)
INFO: analyzing package TEXTIO (VHDL-1014)
INFO: analyzing package body TEXTIO (VHDL-1013)
-- Analyzing VHDL file "/opt/Xilinx/Vivado/2017.1/data/vhdl/src/synopsys/compileToSynopsys/attributes.vhd" into library synopsys (VHDL-9003)
INFO: analyzing package ATTRIBUTES (VHDL-1014)
-- Analyzing VHDL file "/opt/Xilinx/Vivado/2017.1/data/vhdl/src/ieee/distributable/std_logic_1164.vhd" into library ieee (VHDL-9003)
INFO: analyzing package std_logic_1164 (VHDL-1014)
INFO: analyzing package body std_logic_1164 (VHDL-1013)
-- Analyzing VHDL file "/opt/Xilinx/Vivado/2017.1/data/vhdl/src/ieee/distributable/numeric_std.vhd" into library ieee (VHDL-9003)
INFO: analyzing package NUMERIC_STD (VHDL-1014)
INFO: analyzing package body NUMERIC_STD (VHDL-1013)
-- Analyzing VHDL file "/opt/Xilinx/Vivado/2017.1/data/vhdl/src/ieee/distributable/numeric_bit.vhd" into library ieee (VHDL-9003)
INFO: analyzing package NUMERIC_BIT (VHDL-1014)
INFO: analyzing package body NUMERIC_BIT (VHDL-1013)
-- Analyzing VHDL file "/opt/Xilinx/Vivado/2017.1/data/vhdl/src/synopsys/compileToIeee/std_logic_arith.vhd" into library ieee (VHDL-9003)
INFO: analyzing package std_logic_arith (VHDL-1014)
INFO: analyzing package body std_logic_arith (VHDL-1013)
-- Analyzing VHDL file "/opt/Xilinx/Vivado/2017.1/data/vhdl/src/synopsys/compileToIeee/std_logic_unsigned.vhd" into library ieee (VHDL-9003)
INFO: analyzing package STD_LOGIC_UNSIGNED (VHDL-1014)
INFO: analyzing package body STD_LOGIC_UNSIGNED (VHDL-1013)
-- Analyzing VHDL file "/opt/Xilinx/Vivado/2017.1/data/vhdl/src/synopsys/compileToIeee/std_logic_signed.vhd" into library ieee (VHDL-9003)
INFO: analyzing package STD_LOGIC_SIGNED (VHDL-1014)
INFO: analyzing package body STD_LOGIC_SIGNED (VHDL-1013)
-- Analyzing VHDL file "/opt/Xilinx/Vivado/2017.1/data/vhdl/src/synopsys/compileToIeee/std_logic_misc.vhd" into library ieee (VHDL-9003)
INFO: analyzing package std_logic_misc (VHDL-1014)
INFO: analyzing package body std_logic_misc (VHDL-1013)
-- Analyzing VHDL file "/opt/Xilinx/Vivado/2017.1/data/vhdl/src/synopsys/compileToIeee/std_logic_textio.vhd" into library ieee (VHDL-9003)
INFO: analyzing package STD_LOGIC_TEXTIO (VHDL-1014)
INFO: analyzing package body STD_LOGIC_TEXTIO (VHDL-1013)
ERROR: cannot open vhdl file /opt/Xilinx/Vivado/2017.1/data/vhdl/src/ieee/restricted/math_real.vhd (VHDL-1515)
-- Analyzing VHDL file "/opt/Xilinx/Vivado/2017.1/data/vhdl/src/unisims/unisim_retarget_VCOMP.vhd" into library unisim (VHDL-9003)
INFO: analyzing package VCOMPONENTS (VHDL-1014)
-- Analyzing VHDL file "/opt/Xilinx/Vivado/2017.1/data/vhdl/src/unimacro/unimacro_VCOMP.vhd" into library unimacro (VHDL-9003)
INFO: analyzing package VCOMPONENTS (VHDL-1014)
INFO: analyzing package body VCOMPONENTS (VHDL-1013)
-- Analyzing VHDL file "/opt/Xilinx/Vivado/2017.1/data/vhdl/src/../../parts/xilinx/rtl/lib/vhdl/xst/src/mixed_lang_vltype.vhd" into library vl (VHDL-9003)
INFO: analyzing package vl_types (VHDL-1014)
INFO: analyzing package body vl_types (VHDL-1013)
-- Analyzing VHDL file "/opt/Xilinx/Vivado/2017.1/data/ip/xpm/xpm_VCOMP.vhd" into library xpm (VHDL-9003)
INFO: analyzing package VCOMPONENTS (VHDL-1014)
-- Analyzing VHDL file "/home/milosz/Desktop/Xilinx/Vivado/projects/AXI_TO_WISHBONE_edit_slave/AXI_TO_WISHBONE.srcs/sources_1/new/block_ram_sinus.vhd" into library xil_defaultlib (VHDL-9003)
INFO: analyzing entity block_ram_sinus (VHDL-1012)
INFO: analyzing architecture Behavioral of entity block_ram_sinus (VHDL-9006)
-- Analyzing VHDL file "/home/milosz/Desktop/Xilinx/Vivado/projects/AXI_TO_WISHBONE_edit_slave/AXI_TO_WISHBONE.srcs/sources_1/bd/sources/ip/design_1_block_ram_sinus_0_0/synth/design_1_block_ram_sinus_0_0.vhd" into library xil_defaultlib (VHDL-9003)
INFO: analyzing entity design_1_block_ram_sinus_0_0 (VHDL-1012)
INFO: analyzing architecture design_1_block_ram_sinus_0_0_arch of entity design_1_block_ram_sinus_0_0 (VHDL-9006)
Listing tops:
VHDL top: library:xil_defaultlib entity:block_ram_sinus arch:
VHDL top: library:xil_defaultlib entity:design_1_block_ram_sinus_0_0 arch:
VHDL top: library:xil_defaultlib entity:design_1_block_ram_sinus_0_0 arch:
END of tops
/home/milosz/Desktop/Xilinx/Vivado/projects/AXI_TO_WISHBONE_edit_slave/AXI_TO_WISHBONE.srcs/sources_1/new/block_ram_sinus.vhd(6): INFO: executing block_ram_sinus(Behavioral) (VHDL-1067)
/home/milosz/Desktop/Xilinx/Vivado/projects/AXI_TO_WISHBONE_edit_slave/AXI_TO_WISHBONE.srcs/sources_1/bd/sources/ip/design_1_block_ram_sinus_0_0/synth/design_1_block_ram_sinus_0_0.vhd(56): INFO: executing design_1_block_ram_sinus_0_0(design_1_block_ram_sinus_0_0_arch) (VHDL-1067)
/home/milosz/Desktop/Xilinx/Vivado/projects/AXI_TO_WISHBONE_edit_slave/AXI_TO_WISHBONE.srcs/sources_1/new/block_ram_sinus.vhd(6): INFO: executing block_ram_sinus_default(Behavioral) (VHDL-1067)
srcscan exits with return value 0
