13:30:23 INFO  : Registering command handlers for SDK TCF services
13:30:27 INFO  : Launching XSCT server: xsct -n -interactive /home/milosz/Desktop/Xilinx/Vivado/projects/AXI_TO_WISHBONE/export_lin/temp_xsdb_launch_script.tcl
13:30:27 ERROR : (XSDB Server)awk: cmd. line:1: warning: command line argument `/etc/upstream-release' is a directory: skipped

13:30:28 INFO  : XSCT server has started successfully.
13:30:28 INFO  : Successfully done setting XSCT server connection channel  
13:30:28 INFO  : Successfully done setting SDK workspace  
13:30:28 INFO  : Processing command line option -hwspec /home/milosz/Desktop/Xilinx/Vivado/projects/AXI_TO_WISHBONE/export_lin/design_1_wrapper.hdf.
13:31:18 INFO  : Saving repository preferences.
13:31:18 INFO  : Reading in cores from local repositories: 
		 /home/milosz/Desktop/Xilinx/Vivado/projects/AXI_TO_WISHBONE/export_lin/bsp_repo
13:31:18 INFO  : Cleaning BSP projects in the workspace.
13:34:31 INFO  : Saving repository preferences.
13:34:31 INFO  : Cleaning BSP projects in the workspace.
13:35:32 INFO  : Saving repository preferences.
13:35:32 INFO  : Reading in cores from local repositories: 
		 /home/milosz/Desktop/Xilinx/Vivado/projects/AXI_TO_WISHBONE/export_lin/device-tree-xlnx
13:35:32 INFO  : Cleaning BSP projects in the workspace.
15:29:34 INFO  : Connected to target on host '127.0.0.1' and port '3121'.
15:29:34 INFO  : 'targets -set -filter {jtag_cable_name =~ "Digilent JTAG-SMT2 210251838770" && level==0} -index 1' command is executed.
15:29:42 INFO  : FPGA configured successfully with bitstream "/home/milosz/Desktop/Xilinx/Vivado/projects/AXI_TO_WISHBONE/export_lin/design_1_wrapper_hw_platform_0/design_1_wrapper.bit"
12:16:26 INFO  : Registering command handlers for SDK TCF services
12:16:27 INFO  : Launching XSCT server: xsct -n -interactive /home/milosz/Desktop/Xilinx/Vivado/projects/AXI_TO_WISHBONE/export_lin/temp_xsdb_launch_script.tcl
12:16:28 INFO  : XSCT server has started successfully.
12:16:28 INFO  : Successfully done setting XSCT server connection channel  
12:16:28 INFO  : Successfully done setting SDK workspace  
12:16:28 INFO  : Restoring local repository preferences: 
		 /home/milosz/Desktop/Xilinx/Vivado/projects/AXI_TO_WISHBONE/export_lin/device-tree-xlnx
12:16:28 INFO  : Processing command line option -hwspec /home/milosz/Desktop/Xilinx/Vivado/projects/AXI_TO_WISHBONE/export_lin/design_1_wrapper.hdf.
12:16:28 INFO  : Checking for hwspec changes in the project design_1_wrapper_hw_platform_0.
12:16:32 INFO  : BSP Project P/device_tree_bsp_0 has been successfully migrated.
17:28:17 INFO  : Registering command handlers for SDK TCF services
17:28:18 INFO  : Launching XSCT server: xsct -n -interactive /home/milosz/Desktop/Xilinx/Vivado/projects/AXI_TO_WISHBONE/export_lin/temp_xsdb_launch_script.tcl
17:28:19 INFO  : XSCT server has started successfully.
17:28:19 INFO  : Successfully done setting XSCT server connection channel  
17:28:19 INFO  : Successfully done setting SDK workspace  
17:28:19 INFO  : Restoring local repository preferences: 
		 /home/milosz/Desktop/Xilinx/Vivado/projects/AXI_TO_WISHBONE/export_lin/device-tree-xlnx
17:28:19 INFO  : Processing command line option -hwspec /home/milosz/Desktop/Xilinx/Vivado/projects/AXI_TO_WISHBONE/export_lin/design_1_wrapper.hdf.
17:28:19 INFO  : Checking for hwspec changes in the project design_1_wrapper_hw_platform_0.
17:28:22 INFO  : BSP Project P/device_tree_bsp_0 has been successfully migrated.
17:30:44 INFO  : Registering command handlers for SDK TCF services
17:30:44 INFO  : Launching XSCT server: xsct -n -interactive /home/milosz/Desktop/Xilinx/Vivado/projects/AXI_TO_WISHBONE/export_lin/temp_xsdb_launch_script.tcl
17:30:44 ERROR : (XSDB Server)awk: cmd. line:1: warning: command line argument `/etc/upstream-release' is a directory: skipped

17:30:45 INFO  : XSCT server has started successfully.
17:30:45 INFO  : Successfully done setting XSCT server connection channel  
17:30:45 INFO  : Successfully done setting SDK workspace  
17:30:45 INFO  : Restoring local repository preferences: 
		 /home/milosz/Desktop/Xilinx/Vivado/projects/AXI_TO_WISHBONE/export_lin/device-tree-xlnx
17:30:45 INFO  : Processing command line option -hwspec /home/milosz/Desktop/Xilinx/Vivado/projects/AXI_TO_WISHBONE/export_lin/design_1_wrapper.hdf.
17:30:45 INFO  : Checking for hwspec changes in the project design_1_wrapper_hw_platform_0.
17:30:49 INFO  : BSP Project P/device_tree_bsp_0 has been successfully migrated.
18:04:47 ERROR : (XSDB Server)Hangup

15:24:59 INFO  : Registering command handlers for SDK TCF services
15:24:59 INFO  : Launching XSCT server: xsct -n -interactive /home/milosz/Desktop/Xilinx/Vivado/projects/AXI_TO_WISHBONE_edit_slave/export_lin/temp_xsdb_launch_script.tcl
15:24:59 ERROR : (XSDB Server)awk: cmd. line:1: warning: command line argument `/etc/upstream-release' is a directory: skipped

15:25:00 INFO  : XSCT server has started successfully.
15:25:00 INFO  : Successfully done setting XSCT server connection channel  
15:25:00 INFO  : Successfully done setting SDK workspace  
15:25:00 INFO  : Restoring local repository preferences: 
		 /home/milosz/Desktop/Xilinx/Vivado/projects/AXI_TO_WISHBONE/export_lin/device-tree-xlnx
15:25:01 INFO  : Processing command line option -hwspec /home/milosz/Desktop/Xilinx/Vivado/projects/AXI_TO_WISHBONE_edit_slave/export_lin/design_1_wrapper.hdf.
15:25:05 INFO  : BSP Project P/device_tree_bsp_0 has been successfully migrated.
